0 info it worked if it ends with ok
1 verbose cli [ 'c:\\Program Files\\nodejs\\node.exe',
1 verbose cli   'c:\\Program Files\\nodejs\\node_modules\\npm\\bin\\npm-cli.js',
1 verbose cli   'run-script',
1 verbose cli   'launch' ]
2 info using npm@1.4.6
3 info using node@v0.10.22
4 verbose run-script [ 'prelaunch', 'launch', 'postlaunch' ]
5 info prelaunch jeuines@0.0.1
6 info launch jeuines@0.0.1
7 verbose unsafe-perm in lifecycle true
8 info jeuines@0.0.1 Failed to exec launch script
9 error jeuines@0.0.1 launch: `node supervisor --ignore pages,assets index.js`
9 error Exit status 8
10 error Failed at the jeuines@0.0.1 launch script.
10 error This is most likely a problem with the jeuines package,
10 error not with npm itself.
10 error Tell the author that this fails on your system:
10 error     node supervisor --ignore pages,assets index.js
10 error You can get their info via:
10 error     npm owner ls jeuines
10 error There is likely additional logging output above.
11 error System Windows_NT 6.2.9200
12 error command "c:\\Program Files\\nodejs\\node.exe" "c:\\Program Files\\nodejs\\node_modules\\npm\\bin\\npm-cli.js" "run-script" "launch"
13 error cwd c:\Projects\jeuines
14 error node -v v0.10.22
15 error npm -v 1.4.6
16 error code ELIFECYCLE
17 verbose exit [ 1, true ]
